<?xml version="1.0" encoding="UTF-8"?>
<testsuite xmlns:xsi="http://www.w3.org/2001/XMLSchema-instance" xsi:noNamespaceSchemaLocation="https://maven.apache.org/surefire/maven-surefire-plugin/xsd/surefire-test-report.xsd" version="3.0.2" name="com.mbarekDev.microservices.currencyexchangeservice.CurrencyExchangeServiceApplicationTests" time="7.408" tests="1" errors="0" skipped="0" failures="0">
  <properties>
[...]
</properties>
  <testcase name="contextLoads" classname="com.mbarekDev.microservices.currencyexchangeservice.CurrencyExchangeServiceApplicationTests" time="0.307">
    <system-out><![CDATA[07:51:04.608 [main] INFO org.springframework.test.context.support.AnnotationConfigContextLoaderUtils -- Could not detect default configuration classes for test class [com.mbarekDev.microservices.currencyexchangeservice.CurrencyExchangeServiceApplicationTests]: CurrencyExchangeServiceApplicationTests does not declare any static, non-private, non-final, nested classes annotated with @Configuration.
07:51:04.736 [main] INFO org.springframework.boot.test.context.SpringBootTestContextBootstrapper -- Found @SpringBootConfiguration com.mbarekDev.microservices.currencyexchangeservice.CurrencyExchangeServiceApplication for test class com.mbarekDev.microservices.currencyexchangeservice.CurrencyExchangeServiceApplicationTests
07:51:04.905 [main] INFO org.springframework.boot.devtools.restart.RestartApplicationListener -- Restart disabled due to context in which it is running

  .   ____          _            __ _ _
 /\\ / ___'_ __ _ _(_)_ __  __ _ \ \ \ \
( ( )\___ | '_ | '_| | '_ \/ _` | \ \ \ \
 \\/  ___)| |_)| | | | | || (_| |  ) ) ) )
  '  |____| .__|_| |_|_| |_\__, | / / / /
 =========|_|==============|___/=/_/_/_/

 :: Spring Boot ::                (v3.5.0)

2025-09-03T07:51:05.244+02:00  INFO [currency-exchange,,] 18956 --- [currency-exchange] [           main] [                                                 ] .CurrencyExchangeServiceApplicationTests : Starting CurrencyExchangeServiceApplicationTests using Java 24 with PID 18956 (started by mbare in D:\Code\Microservice\microservices_kubernetes_imp\currency-exchange-service)
2025-09-03T07:51:05.245+02:00  INFO [currency-exchange,,] 18956 --- [currency-exchange] [           main] [                                                 ] .CurrencyExchangeServiceApplicationTests : No active profile set, falling back to 1 default profile: "default"
2025-09-03T07:51:06.369+02:00  INFO [currency-exchange,,] 18956 --- [currency-exchange] [           main] [                                                 ] .s.d.r.c.RepositoryConfigurationDelegate : Bootstrapping Spring Data JPA repositories in DEFAULT mode.
2025-09-03T07:51:06.448+02:00  INFO [currency-exchange,,] 18956 --- [currency-exchange] [           main] [                                                 ] .s.d.r.c.RepositoryConfigurationDelegate : Finished Spring Data repository scanning in 65 ms. Found 1 JPA repository interface.
2025-09-03T07:51:07.364+02:00  INFO [currency-exchange,,] 18956 --- [currency-exchange] [           main] [                                                 ] com.zaxxer.hikari.HikariDataSource       : HikariPool-1 - Starting...
2025-09-03T07:51:07.609+02:00  INFO [currency-exchange,,] 18956 --- [currency-exchange] [           main] [                                                 ] com.zaxxer.hikari.pool.HikariPool        : HikariPool-1 - Added connection conn0: url=jdbc:h2:mem:testdb user=SA
2025-09-03T07:51:07.613+02:00  INFO [currency-exchange,,] 18956 --- [currency-exchange] [           main] [                                                 ] com.zaxxer.hikari.HikariDataSource       : HikariPool-1 - Start completed.
2025-09-03T07:51:07.674+02:00  INFO [currency-exchange,,] 18956 --- [currency-exchange] [           main] [                                                 ] o.hibernate.jpa.internal.util.LogHelper  : HHH000204: Processing PersistenceUnitInfo [name: default]
2025-09-03T07:51:07.785+02:00  INFO [currency-exchange,,] 18956 --- [currency-exchange] [           main] [                                                 ] org.hibernate.Version                    : HHH000412: Hibernate ORM core version 6.6.15.Final
2025-09-03T07:51:07.859+02:00  INFO [currency-exchange,,] 18956 --- [currency-exchange] [           main] [                                                 ] o.h.c.internal.RegionFactoryInitiator    : HHH000026: Second-level cache disabled
2025-09-03T07:51:08.138+02:00  INFO [currency-exchange,,] 18956 --- [currency-exchange] [           main] [                                                 ] o.s.o.j.p.SpringPersistenceUnitInfo      : No LoadTimeWeaver setup: ignoring JPA class transformer
2025-09-03T07:51:08.198+02:00  INFO [currency-exchange,,] 18956 --- [currency-exchange] [           main] [                                                 ] org.hibernate.orm.connections.pooling    : HHH10001005: Database info:
	Database JDBC URL [Connecting through datasource 'HikariDataSource (HikariPool-1)']
	Database driver: undefined/unknown
	Database version: 2.3.232
	Autocommit mode: undefined/unknown
	Isolation level: undefined/unknown
	Minimum pool size: undefined/unknown
	Maximum pool size: undefined/unknown
2025-09-03T07:51:08.788+02:00  INFO [currency-exchange,,] 18956 --- [currency-exchange] [           main] [                                                 ] o.h.e.t.j.p.i.JtaPlatformInitiator       : HHH000489: No JTA platform available (set 'hibernate.transaction.jta.platform' to enable JTA platform integration)
Hibernate: drop table if exists currency_exchange cascade 
Hibernate: create table currency_exchange (conversion_multiple numeric(38,2), id bigint not null, currency_from varchar(255), currency_to varchar(255), environment varchar(255), primary key (id))
2025-09-03T07:51:08.813+02:00  INFO [currency-exchange,,] 18956 --- [currency-exchange] [           main] [                                                 ] j.LocalContainerEntityManagerFactoryBean : Initialized JPA EntityManagerFactory for persistence unit 'default'
2025-09-03T07:51:09.988+02:00  WARN [currency-exchange,,] 18956 --- [currency-exchange] [           main] [                                                 ] JpaBaseConfiguration$JpaWebConfiguration : spring.jpa.open-in-view is enabled by default. Therefore, database queries may be performed during view rendering. Explicitly configure spring.jpa.open-in-view to disable this warning
2025-09-03T07:51:11.313+02:00  INFO [currency-exchange,,] 18956 --- [currency-exchange] [           main] [                                                 ] o.s.b.a.h2.H2ConsoleAutoConfiguration    : H2 console available at '/h2-console'. Database available at 'jdbc:h2:mem:testdb'
2025-09-03T07:51:11.380+02:00  INFO [currency-exchange,,] 18956 --- [currency-exchange] [           main] [                                                 ] o.s.b.a.e.web.EndpointLinksResolver      : Exposing 1 endpoint beneath base path '/actuator'
2025-09-03T07:51:11.489+02:00  INFO [currency-exchange,,] 18956 --- [currency-exchange] [           main] [                                                 ] .CurrencyExchangeServiceApplicationTests : Started CurrencyExchangeServiceApplicationTests in 6.596 seconds (process running for 7.569)
]]></system-out>
    <system-err><![CDATA[Mockito is currently self-attaching to enable the inline-mock-maker. This will no longer work in future releases of the JDK. Please add Mockito as an agent to your build as described in Mockito's documentation: https://javadoc.io/doc/org.mockito/mockito-core/latest/org.mockito/org/mockito/Mockito.html#0.3
WARNING: A Java agent has been loaded dynamically (C:\Users\mbare\.m2\repository\net\bytebuddy\byte-buddy-agent\1.17.5\byte-buddy-agent-1.17.5.jar)
WARNING: If a serviceability tool is in use, please run with -XX:+EnableDynamicAgentLoading to hide this warning
WARNING: If a serviceability tool is not in use, please run with -Djdk.instrument.traceUsage for more information
WARNING: Dynamic loading of agents will be disallowed by default in a future release
]]></system-err>
  </testcase>
</testsuite>