<?xml version="1.0" encoding="UTF-8"?>
<testsuite xmlns:xsi="http://www.w3.org/2001/XMLSchema-instance" xsi:noNamespaceSchemaLocation="https://maven.apache.org/surefire/maven-surefire-plugin/xsd/surefire-test-report.xsd" version="3.0.2" name="com.mbarekDev.microservices.currencyconversionservice.CurrencyConversionServiceApplicationTests" time="4.908" tests="1" errors="0" skipped="0" failures="0">
  <properties>
[...]
</properties>
  <testcase name="contextLoads" classname="com.mbarekDev.microservices.currencyconversionservice.CurrencyConversionServiceApplicationTests" time="0.743">
    <system-out><![CDATA[08:17:34.506 [main] INFO org.springframework.test.context.support.AnnotationConfigContextLoaderUtils -- Could not detect default configuration classes for test class [com.mbarekDev.microservices.currencyconversionservice.CurrencyConversionServiceApplicationTests]: CurrencyConversionServiceApplicationTests does not declare any static, non-private, non-final, nested classes annotated with @Configuration.
08:17:34.662 [main] INFO org.springframework.boot.test.context.SpringBootTestContextBootstrapper -- Found @SpringBootConfiguration com.mbarekDev.microservices.currencyconversionservice.CurrencyConversionServiceApplication for test class com.mbarekDev.microservices.currencyconversionservice.CurrencyConversionServiceApplicationTests
08:17:35.023 [main] INFO org.springframework.boot.devtools.restart.RestartApplicationListener -- Restart disabled due to context in which it is running

  .   ____          _            __ _ _
 /\\ / ___'_ __ _ _(_)_ __  __ _ \ \ \ \
( ( )\___ | '_ | '_| | '_ \/ _` | \ \ \ \
 \\/  ___)| |_)| | | | | || (_| |  ) ) ) )
  '  |____| .__|_| |_|_| |_\__, | / / / /
 =========|_|==============|___/=/_/_/_/

 :: Spring Boot ::                (v3.5.0)

2025-09-01T08:17:35.483+02:00  INFO [currency-conversion,,] 34572 --- [currency-conversion] [           main] [                                                 ] urrencyConversionServiceApplicationTests : Starting CurrencyConversionServiceApplicationTests using Java 24 with PID 34572 (started by mbare in D:\Code\Microservice\microservices_kubernetes_imp\currency-conversion-service)
2025-09-01T08:17:35.488+02:00  INFO [currency-conversion,,] 34572 --- [currency-conversion] [           main] [                                                 ] urrencyConversionServiceApplicationTests : No active profile set, falling back to 1 default profile: "default"
2025-09-01T08:17:36.615+02:00  INFO [currency-conversion,,] 34572 --- [currency-conversion] [           main] [                                                 ] o.s.cloud.context.scope.GenericScope     : BeanFactory id=07b613c4-41ad-361e-9094-bdf967b4441b
2025-09-01T08:17:38.295+02:00  INFO [currency-conversion,,] 34572 --- [currency-conversion] [           main] [                                                 ] o.s.b.a.e.web.EndpointLinksResolver      : Exposing 1 endpoint beneath base path '/actuator'
2025-09-01T08:17:38.372+02:00  INFO [currency-conversion,,] 34572 --- [currency-conversion] [           main] [                                                 ] urrencyConversionServiceApplicationTests : Started CurrencyConversionServiceApplicationTests in 3.369 seconds (process running for 4.631)
]]></system-out>
    <system-err><![CDATA[Mockito is currently self-attaching to enable the inline-mock-maker. This will no longer work in future releases of the JDK. Please add Mockito as an agent to your build as described in Mockito's documentation: https://javadoc.io/doc/org.mockito/mockito-core/latest/org.mockito/org/mockito/Mockito.html#0.3
WARNING: A Java agent has been loaded dynamically (C:\Users\mbare\.m2\repository\net\bytebuddy\byte-buddy-agent\1.17.5\byte-buddy-agent-1.17.5.jar)
WARNING: If a serviceability tool is in use, please run with -XX:+EnableDynamicAgentLoading to hide this warning
WARNING: If a serviceability tool is not in use, please run with -Djdk.instrument.traceUsage for more information
WARNING: Dynamic loading of agents will be disallowed by default in a future release
]]></system-err>
  </testcase>
</testsuite>